# JRE version: Java(TM) SE Runtime Environment (8.0_141-b15) (build 1.8.0_141-b15)
# Java VM: Java HotSpot(TM) 64-Bit Server VM (25.141-b15 mixed mode windows-amd64 compressed oops)
Heap:
 PSYoungGen      total 28160K, used 12964K [0x00000000fd580000, 0x00000000ff680000, 0x0000000100000000)
  eden space 22528K, 54% used [0x00000000fd580000,0x00000000fe18d820,0x00000000feb80000)
  from space 5632K, 11% used [0x00000000feb80000,0x00000000fec1b800,0x00000000ff100000)
  to   space 5632K, 0% used [0x00000000ff100000,0x00000000ff100000,0x00000000ff680000)
 ParOldGen       total 87552K, used 34254K [0x00000000f8000000, 0x00000000fd580000, 0x00000000fd580000)
  object space 87552K, 39% used [0x00000000f8000000,0x00000000fa1739d0,0x00000000fd580000)
 Metaspace       used 30546K, capacity 31116K, committed 31744K, reserved 1077248K
  class space    used 3742K, capacity 3912K, committed 4096K, reserved 1048576K
GC Heap History (10 events):
Event: 38619.675 GC heap before
{Heap before GC invocations=270 (full 7):
 PSYoungGen      total 29184K, used 23438K [0x00000000fd580000, 0x00000000ff880000, 0x0000000100000000)
  eden space 22528K, 100% used [0x00000000fd580000,0x00000000feb80000,0x00000000feb80000)
  from space 6656K, 13% used [0x00000000ff200000,0x00000000ff2e3800,0x00000000ff880000)
  to   space 6656K, 0% used [0x00000000feb80000,0x00000000feb80000,0x00000000ff200000)
 ParOldGen       total 87552K, used 34254K [0x00000000f8000000, 0x00000000fd580000, 0x00000000fd580000)
  object space 87552K, 39% used [0x00000000f8000000,0x00000000fa1739d0,0x00000000fd580000)
 Metaspace       used 30532K, capacity 31116K, committed 31744K, reserved 1077248K
  class space    used 3742K, capacity 3912K, committed 4096K, reserved 1048576K
Event: 38619.677 GC heap after
Heap after GC invocations=270 (full 7):
 PSYoungGen      total 23552K, used 853K [0x00000000fd580000, 0x00000000ff780000, 0x0000000100000000)
  eden space 22528K, 0% used [0x00000000fd580000,0x00000000fd580000,0x00000000feb80000)
  from space 1024K, 83% used [0x00000000feb80000,0x00000000fec557f0,0x00000000fec80000)
  to   space 6144K, 0% used [0x00000000ff180000,0x00000000ff180000,0x00000000ff780000)
 ParOldGen       total 87552K, used 34254K [0x00000000f8000000, 0x00000000fd580000, 0x00000000fd580000)
  object space 87552K, 39% used [0x00000000f8000000,0x00000000fa1739d0,0x00000000fd580000)
 Metaspace       used 30532K, capacity 31116K, committed 31744K, reserved 1077248K
  class space    used 3742K, capacity 3912K, committed 4096K, reserved 1048576K
}
Event: 38670.284 GC heap before
{Heap before GC invocations=271 (full 7):
 PSYoungGen      total 23552K, used 23381K [0x00000000fd580000, 0x00000000ff780000, 0x0000000100000000)
  eden space 22528K, 100% used [0x00000000fd580000,0x00000000feb80000,0x00000000feb80000)
  from space 1024K, 83% used [0x00000000feb80000,0x00000000fec557f0,0x00000000fec80000)
  to   space 6144K, 0% used [0x00000000ff180000,0x00000000ff180000,0x00000000ff780000)
 ParOldGen       total 87552K, used 34254K [0x00000000f8000000, 0x00000000fd580000, 0x00000000fd580000)
  object space 87552K, 39% used [0x00000000f8000000,0x00000000fa1739d0,0x00000000fd580000)
 Metaspace       used 30536K, capacity 31116K, committed 31744K, reserved 1077248K
  class space    used 3742K, capacity 3912K, committed 4096K, reserved 1048576K
Event: 38670.286 GC heap after
Heap after GC invocations=271 (full 7):
 PSYoungGen      total 28672K, used 631K [0x00000000fd580000, 0x00000000ff780000, 0x0000000100000000)
  eden space 22528K, 0% used [0x00000000fd580000,0x00000000fd580000,0x00000000feb80000)
  from space 6144K, 10% used [0x00000000ff180000,0x00000000ff21dc18,0x00000000ff780000)
  to   space 6144K, 0% used [0x00000000feb80000,0x00000000feb80000,0x00000000ff180000)
 ParOldGen       total 87552K, used 34254K [0x00000000f8000000, 0x00000000fd580000, 0x00000000fd580000)
  object space 87552K, 39% used [0x00000000f8000000,0x00000000fa1739d0,0x00000000fd580000)
 Metaspace       used 30536K, capacity 31116K, committed 31744K, reserved 1077248K
  class space    used 3742K, capacity 3912K, committed 4096K, reserved 1048576K
}
Event: 38720.950 GC heap before
{Heap before GC invocations=272 (full 7):
 PSYoungGen      total 28672K, used 23159K [0x00000000fd580000, 0x00000000ff780000, 0x0000000100000000)
  eden space 22528K, 100% used [0x00000000fd580000,0x00000000feb80000,0x00000000feb80000)
  from space 6144K, 10% used [0x00000000ff180000,0x00000000ff21dc18,0x00000000ff780000)
  to   space 6144K, 0% used [0x00000000feb80000,0x00000000feb80000,0x00000000ff180000)
 ParOldGen       total 87552K, used 34254K [0x00000000f8000000, 0x00000000fd580000, 0x00000000fd580000)
  object space 87552K, 39% used [0x00000000f8000000,0x00000000fa1739d0,0x00000000fd580000)
 Metaspace       used 30536K, capacity 31116K, committed 31744K, reserved 1077248K
  class space    used 3742K, capacity 3912K, committed 4096K, reserved 1048576K
Event: 38720.952 GC heap after
Heap after GC invocations=272 (full 7):
 PSYoungGen      total 28672K, used 654K [0x00000000fd580000, 0x00000000ff780000, 0x0000000100000000)
  eden space 22528K, 0% used [0x00000000fd580000,0x00000000fd580000,0x00000000feb80000)
  from space 6144K, 10% used [0x00000000feb80000,0x00000000fec23800,0x00000000ff180000)
  to   space 6144K, 0% used [0x00000000ff180000,0x00000000ff180000,0x00000000ff780000)
 ParOldGen       total 87552K, used 34254K [0x00000000f8000000, 0x00000000fd580000, 0x00000000fd580000)
  object space 87552K, 39% used [0x00000000f8000000,0x00000000fa1739d0,0x00000000fd580000)
 Metaspace       used 30536K, capacity 31116K, committed 31744K, reserved 1077248K
  class space    used 3742K, capacity 3912K, committed 4096K, reserved 1048576K
}
Event: 38771.347 GC heap before
{Heap before GC invocations=273 (full 7):
 PSYoungGen      total 28672K, used 23182K [0x00000000fd580000, 0x00000000ff780000, 0x0000000100000000)
  eden space 22528K, 100% used [0x00000000fd580000,0x00000000feb80000,0x00000000feb80000)
  from space 6144K, 10% used [0x00000000feb80000,0x00000000fec23800,0x00000000ff180000)
  to   space 6144K, 0% used [0x00000000ff180000,0x00000000ff180000,0x00000000ff780000)
 ParOldGen       total 87552K, used 34254K [0x00000000f8000000, 0x00000000fd580000, 0x00000000fd580000)
  object space 87552K, 39% used [0x00000000f8000000,0x00000000fa1739d0,0x00000000fd580000)
 Metaspace       used 30536K, capacity 31116K, committed 31744K, reserved 1077248K
  class space    used 3742K, capacity 3912K, committed 4096K, reserved 1048576K
Event: 38771.349 GC heap after
Heap after GC invocations=273 (full 7):
 PSYoungGen      total 27648K, used 654K [0x00000000fd580000, 0x00000000ff680000, 0x0000000100000000)
  eden space 22528K, 0% used [0x00000000fd580000,0x00000000fd580000,0x00000000feb80000)
  from space 5120K, 12% used [0x00000000ff180000,0x00000000ff223800,0x00000000ff680000)
  to   space 5632K, 0% used [0x00000000feb80000,0x00000000feb80000,0x00000000ff100000)
 ParOldGen       total 87552K, used 34254K [0x00000000f8000000, 0x00000000fd580000, 0x00000000fd580000)
  object space 87552K, 39% used [0x00000000f8000000,0x00000000fa1739d0,0x00000000fd580000)
 Metaspace       used 30536K, capacity 31116K, committed 31744K, reserved 1077248K
  class space    used 3742K, capacity 3912K, committed 4096K, reserved 1048576K
}
Event: 38822.105 GC heap before
{Heap before GC invocations=274 (full 7):
 PSYoungGen      total 27648K, used 23182K [0x00000000fd580000, 0x00000000ff680000, 0x0000000100000000)
  eden space 22528K, 100% used [0x00000000fd580000,0x00000000feb80000,0x00000000feb80000)
  from space 5120K, 12% used [0x00000000ff180000,0x00000000ff223800,0x00000000ff680000)
  to   space 5632K, 0% used [0x00000000feb80000,0x00000000feb80000,0x00000000ff100000)
 ParOldGen       total 87552K, used 34254K [0x00000000f8000000, 0x00000000fd580000, 0x00000000fd580000)
  object space 87552K, 39% used [0x00000000f8000000,0x00000000fa1739d0,0x00000000fd580000)
 Metaspace       used 30536K, capacity 31116K, committed 31744K, reserved 1077248K
  class space    used 3742K, capacity 3912K, committed 4096K, reserved 1048576K
Event: 38822.107 GC heap after
Heap after GC invocations=274 (full 7):
 PSYoungGen      total 28160K, used 622K [0x00000000fd580000, 0x00000000ff680000, 0x0000000100000000)
  eden space 22528K, 0% used [0x00000000fd580000,0x00000000fd580000,0x00000000feb80000)
  from space 5632K, 11% used [0x00000000feb80000,0x00000000fec1b800,0x00000000ff100000)
  to   space 5632K, 0% used [0x00000000ff100000,0x00000000ff100000,0x00000000ff680000)
 ParOldGen       total 87552K, used 34254K [0x00000000f8000000, 0x00000000fd580000, 0x00000000fd580000)
  object space 87552K, 39% used [0x00000000f8000000,0x00000000fa1739d0,0x00000000fd580000)
 Metaspace       used 30536K, capacity 31116K, committed 31744K, reserved 1077248K
  class space    used 3742K, capacity 3912K, committed 4096K, reserved 1048576K
}

